<?xml version="1.0" encoding="UTF-8"?>
<!-- Generated by org.testng.reporters.JUnitReportReporter -->
<testsuite hostname="DESKTOP-AC5TG8E" failures="0" tests="4" name="api.tescases.UserTest" time="9.076" errors="0" timestamp="2024-01-28T22:18:25 IST" skipped="0">
  <testcase classname="api.tescases.UserTest" name="testCreateUser" time="4.524"/>
  <system-out/>
  <testcase classname="api.tescases.UserTest" name="testGetUserData" time="1.189"/>
  <system-out/>
  <testcase classname="api.tescases.UserTest" name="testUpdateUser" time="2.223"/>
  <system-out/>
  <testcase classname="api.tescases.UserTest" name="testDeleteUser" time="1.140"/>
  <system-out/>
</testsuite> <!-- api.tescases.UserTest -->
