<?xml version="1.0" encoding="UTF-8"?>
<!-- Generated by org.testng.reporters.JUnitReportReporter -->
<testsuite hostname="DESKTOP-AC5TG8E" failures="0" tests="4" name="api.tescases.UserTest" time="8.184" errors="0" timestamp="2024-01-27T22:01:01 IST" skipped="0">
  <testcase classname="api.tescases.UserTest" name="testCreateUser" time="3.575"/>
  <system-out/>
  <testcase classname="api.tescases.UserTest" name="testGetUserData" time="1.173"/>
  <system-out/>
  <testcase classname="api.tescases.UserTest" name="testUpdateUser" time="2.265"/>
  <system-out/>
  <testcase classname="api.tescases.UserTest" name="testDeleteUser" time="1.171"/>
  <system-out/>
</testsuite> <!-- api.tescases.UserTest -->
